[0913/115311:ERROR:process_reader_win.cc(233)] ReadMemory at 0x75c73f04 of 28 bytes failed: Only part of a ReadProcessMemory or WriteProcessMemory request was completed. (0x12B)
[0913/115312:WARNING:pe_image_reader.cc(135)] could not read data directory from D:\Windows\system32\CRYPT32.dll
[0913/115312:ERROR:process_reader_win.cc(233)] ReadMemory at 0x75ce0000 of 64 bytes failed: Only part of a ReadProcessMemory or WriteProcessMemory request was completed. (0x12B)
[0913/115312:WARNING:pe_image_reader.cc(281)] could not read dos header from D:\Windows\system32\WINTRUST.dll
[0913/115312:ERROR:process_reader_win.cc(233)] ReadMemory at 0x75970000 of 64 bytes failed: Only part of a ReadProcessMemory or WriteProcessMemory request was completed. (0x12B)
[0913/115312:WARNING:pe_image_reader.cc(281)] could not read dos header from D:\Windows\system32\Secur32.dll
[0913/115312:ERROR:process_reader_win.cc(233)] ReadMemory at 0x759a0000 of 64 bytes failed: Only part of a ReadProcessMemory or WriteProcessMemory request was completed. (0x12B)
[0913/115312:WARNING:pe_image_reader.cc(281)] could not read dos header from D:\Windows\system32\SSPICLI.DLL
[0913/115312:ERROR:process_reader_win.cc(233)] ReadMemory at 0x60050000 of 64 bytes failed: Only part of a ReadProcessMemory or WriteProcessMemory request was completed. (0x12B)
[0913/115312:WARNING:pe_image_reader.cc(281)] could not read dos header from D:\Program Files\Google\Chrome\Application\52.0.2743.116\chrome_child.dll
[0913/115312:ERROR:process_reader_win.cc(233)] ReadMemory at 0x75a10000 of 64 bytes failed: Only part of a ReadProcessMemory or WriteProcessMemory request was completed. (0x12B)
[0913/115312:WARNING:pe_image_reader.cc(281)] could not read dos header from D:\Windows\system32\cryptbase.dll
[0913/115312:ERROR:process_reader_win.cc(233)] ReadMemory at 0x6ef70000 of 64 bytes failed: Only part of a ReadProcessMemory or WriteProcessMemory request was completed. (0x12B)
[0913/115312:WARNING:pe_image_reader.cc(281)] could not read dos header from D:\Windows\system32\dwrite.dll
[0913/115312:ERROR:process_reader_win.cc(233)] ReadMemory at 0x74750000 of 64 bytes failed: Only part of a ReadProcessMemory or WriteProcessMemory request was completed. (0x12B)
[0913/115312:WARNING:pe_image_reader.cc(281)] could not read dos header from D:\Windows\system32\uxtheme.dll
[0913/115312:ERROR:process_reader_win.cc(233)] ReadMemory at 0x73090000 of 64 bytes failed: Only part of a ReadProcessMemory or WriteProcessMemory request was completed. (0x12B)
[0913/115312:WARNING:pe_image_reader.cc(281)] could not read dos header from D:\Windows\WinSxS\x86_microsoft.windows.gdiplus_6595b64144ccf1df_1.1.7600.16385_none_72fc7cbf861225ca\gdiplus.dll
[0913/115312:ERROR:process_reader_win.cc(233)] ReadMemory at 0x5c060000 of 64 bytes failed: Only part of a ReadProcessMemory or WriteProcessMemory request was completed. (0x12B)
[0913/115312:WARNING:pe_image_reader.cc(281)] could not read dos header from D:\Program Files\Google\Chrome\Application\52.0.2743.116\PepperFlash\pepflashplayer.dll
[0913/115312:ERROR:process_reader_win.cc(233)] ReadMemory at 0x6bb50000 of 64 bytes failed: Only part of a ReadProcessMemory or WriteProcessMemory request was completed. (0x12B)
[0913/115312:WARNING:pe_image_reader.cc(281)] could not read dos header from D:\Windows\system32\dxva2.dll
[0913/115312:ERROR:process_reader_win.cc(233)] ReadMemory at 0x77a1a000 of 5888 bytes failed: Only part of a ReadProcessMemory or WriteProcessMemory request was completed. (0x12B)
[0913/115312:ERROR:process_reader_win.cc(233)] ReadMemory at 0xeb0000 of 64 bytes failed: Only part of a ReadProcessMemory or WriteProcessMemory request was completed. (0x12B)
[0913/115312:WARNING:pe_image_reader.cc(281)] could not read dos header from D:\Program Files\Google\Chrome\Application\chrome.exe
[0913/115312:ERROR:process_reader_win.cc(233)] ReadMemory at 0x77940000 of 64 bytes failed: Only part of a ReadProcessMemory or WriteProcessMemory request was completed. (0x12B)
[0913/115312:WARNING:pe_image_reader.cc(281)] could not read dos header from D:\Windows\SYSTEM32\ntdll.dll
[0913/115312:ERROR:process_reader_win.cc(233)] ReadMemory at 0x75d40000 of 64 bytes failed: Only part of a ReadProcessMemory or WriteProcessMemory request was completed. (0x12B)
[0913/115312:WARNING:pe_image_reader.cc(281)] could not read dos header from D:\Windows\system32\KERNELBASE.dll
[0913/115312:ERROR:process_reader_win.cc(233)] ReadMemory at 0x77170000 of 64 bytes failed: Only part of a ReadProcessMemory or WriteProcessMemory request was completed. (0x12B)
[0913/115312:WARNING:pe_image_reader.cc(281)] could not read dos header from D:\Windows\system32\kernel32.dll
[0913/115312:ERROR:process_reader_win.cc(233)] ReadMemory at 0x76fb0000 of 64 bytes failed: Only part of a ReadProcessMemory or WriteProcessMemory request was completed. (0x12B)
[0913/115312:WARNING:pe_image_reader.cc(281)] could not read dos header from D:\Windows\system32\msvcrt.dll
[0913/115312:ERROR:process_reader_win.cc(233)] ReadMemory at 0x77550000 of 64 bytes failed: Only part of a ReadProcessMemory or WriteProcessMemory request was completed. (0x12B)
[0913/115312:WARNING:pe_image_reader.cc(281)] could not read dos header from D:\Windows\system32\RPCRT4.dll
[0913/115312:ERROR:process_reader_win.cc(233)] ReadMemory at 0x76f90000 of 64 bytes failed: Only part of a ReadProcessMemory or WriteProcessMemory request was completed. (0x12B)
[0913/115312:WARNING:pe_image_reader.cc(281)] could not read dos header from D:\Windows\SYSTEM32\sechost.dll
[0913/115312:ERROR:process_reader_win.cc(233)] ReadMemory at 0x77690000 of 64 bytes failed: Only part of a ReadProcessMemory or WriteProcessMemory request was completed. (0x12B)
[0913/115312:WARNING:pe_image_reader.cc(281)] could not read dos header from D:\Windows\system32\ADVAPI32.dll
[0913/115312:ERROR:process_reader_win.cc(233)] ReadMemory at 0x6f080000 of 64 bytes failed: Only part of a ReadProcessMemory or WriteProcessMemory request was completed. (0x12B)
[0913/115312:WARNING:pe_image_reader.cc(281)] could not read dos header from D:\Program Files\Google\Chrome\Application\52.0.2743.116\chrome_elf.dll
[0913/115312:ERROR:process_reader_win.cc(233)] ReadMemory at 0x74f90000 of 64 bytes failed: Only part of a ReadProcessMemory or WriteProcessMemory request was completed. (0x12B)
[0913/115312:WARNING:pe_image_reader.cc(281)] could not read dos header from D:\Windows\system32\VERSION.dll
[0913/115312:ERROR:process_reader_win.cc(233)] ReadMemory at 0x76c40000 of 64 bytes failed: Only part of a ReadProcessMemory or WriteProcessMemory request was completed. (0x12B)
[0913/115312:WARNING:pe_image_reader.cc(281)] could not read dos header from D:\Windows\system32\USP10.dll
[0913/115312:ERROR:process_reader_win.cc(233)] ReadMemory at 0x76ab0000 of 64 bytes failed: Only part of a ReadProcessMemory or WriteProcessMemory request was completed. (0x12B)
[0913/115312:WARNING:pe_image_reader.cc(281)] could not read dos header from D:\Windows\system32\LPK.dll
[0913/115312:ERROR:process_reader_win.cc(233)] ReadMemory at 0x77730000 of 64 bytes failed: Only part of a ReadProcessMemory or WriteProcessMemory request was completed. (0x12B)
[0913/115312:WARNING:pe_image_reader.cc(281)] could not read dos header from D:\Windows\system32\GDI32.dll
[0913/115312:ERROR:process_reader_win.cc(233)] ReadMemory at 0x770a0000 of 64 bytes failed: Only part of a ReadProcessMemory or WriteProcessMemory request was completed. (0x12B)
[0913/115312:WARNING:pe_image_reader.cc(281)] could not read dos header from D:\Windows\system32\USER32.dll
[0913/115312:ERROR:process_reader_win.cc(233)] ReadMemory at 0x71080000 of 64 bytes failed: Only part of a ReadProcessMemory or WriteProcessMemory request was completed. (0x12B)
[0913/115312:WARNING:pe_image_reader.cc(281)] could not read dos header from D:\Windows\system32\WINMM.dll
[0913/115312:ERROR:process_reader_win.cc(233)] ReadMemory at 0x75a90000 of 64 bytes failed: Only part of a ReadProcessMemory or WriteProcessMemory request was completed. (0x12B)
[0913/115312:WARNING:pe_image_reader.cc(281)] could not read dos header from D:\Windows\system32\profapi.dll
[0913/115312:ERROR:process_reader_win.cc(233)] ReadMemory at 0x750f0000 of 64 bytes failed: Only part of a ReadProcessMemory or WriteProcessMemory request was completed. (0x12B)
[0913/115312:WARNING:pe_image_reader.cc(281)] could not read dos header from D:\Windows\system32\USERENV.dll
[0913/115312:ERROR:process_reader_win.cc(233)] ReadMemory at 0x74040000 of 64 bytes failed: Only part of a ReadProcessMemory or WriteProcessMemory request was completed. (0x12B)
[0913/115312:WARNING:pe_image_reader.cc(281)] could not read dos header from D:\Windows\system32\WTSAPI32.dll
[0913/115312:ERROR:process_reader_win.cc(233)] ReadMemory at 0x737b0000 of 64 bytes failed: Only part of a ReadProcessMemory or WriteProcessMemory request was completed. (0x12B)
[0913/115312:WARNING:pe_image_reader.cc(281)] could not read dos header from D:\Windows\system32\webio.dll
[0913/115312:ERROR:process_reader_win.cc(233)] ReadMemory at 0x73800000 of 64 bytes failed: Only part of a ReadProcessMemory or WriteProcessMemory request was completed. (0x12B)
[0913/115312:WARNING:pe_image_reader.cc(281)] could not read dos header from D:\Windows\system32\WINHTTP.dll
[0913/115312:ERROR:process_reader_win.cc(233)] ReadMemory at 0x75d90000 of 64 bytes failed: Only part of a ReadProcessMemory or WriteProcessMemory request was completed. (0x12B)
[0913/115312:WARNING:pe_image_reader.cc(281)] could not read dos header from D:\Windows\system32\MSCTF.dll
[0913/115312:ERROR:process_reader_win.cc(233)] ReadMemory at 0x77780000 of 64 bytes failed: Only part of a ReadProcessMemory or WriteProcessMemory request was completed. (0x12B)
[0913/115312:WARNING:pe_image_reader.cc(281)] could not read dos header from D:\Windows\system32\IMM32.DLL
[0913/115312:ERROR:process_reader_win.cc(233)] ReadMemory at 0x77630000 of 64 bytes failed: Only part of a ReadProcessMemory or WriteProcessMemory request was completed. (0x12B)
[0913/115312:WARNING:pe_image_reader.cc(281)] could not read dos header from D:\Windows\system32\SHLWAPI.dll
[0913/115312:ERROR:process_reader_win.cc(233)] ReadMemory at 0x75e60000 of 64 bytes failed: Only part of a ReadProcessMemory or WriteProcessMemory request was completed. (0x12B)
[0913/115312:WARNING:pe_image_reader.cc(281)] could not read dos header from D:\Windows\system32\SHELL32.dll
[0913/115312:ERROR:process_reader_win.cc(233)] ReadMemory at 0x77a80000 of 64 bytes failed: Only part of a ReadProcessMemory or WriteProcessMemory request was completed. (0x12B)
[0913/115312:WARNING:pe_image_reader.cc(281)] could not read dos header from D:\Windows\system32\PSAPI.DLL
[0913/115312:ERROR:process_reader_win.cc(233)] ReadMemory at 0x71c50000 of 64 bytes failed: Only part of a ReadProcessMemory or WriteProcessMemory request was completed. (0x12B)
[0913/115312:WARNING:pe_image_reader.cc(281)] could not read dos header from D:\Windows\system32\WINSPOOL.DRV
[0913/115312:ERROR:process_reader_win.cc(233)] ReadMemory at 0x747d0000 of 64 bytes failed: Only part of a ReadProcessMemory or WriteProcessMemory request was completed. (0x12B)
[0913/115312:WARNING:pe_image_reader.cc(281)] could not read dos header from D:\Windows\WinSxS\x86_microsoft.windows.common-controls_6595b64144ccf1df_6.0.7600.16385_none_421189da2b7fabfc\COMCTL32.dll
[0913/115312:ERROR:process_reader_win.cc(233)] ReadMemory at 0x76ac0000 of 64 bytes failed: Only part of a ReadProcessMemory or WriteProcessMemory request was completed. (0x12B)
[0913/115312:WARNING:pe_image_reader.cc(281)] could not read dos header from D:\Windows\system32\COMDLG32.dll
[0913/115312:ERROR:process_reader_win.cc(233)] ReadMemory at 0x76e30000 of 64 bytes failed: Only part of a ReadProcessMemory or WriteProcessMemory request was completed. (0x12B)
[0913/115312:WARNING:pe_image_reader.cc(281)] could not read dos header from D:\Windows\system32\ole32.dll
[0913/115312:ERROR:process_reader_win.cc(233)] ReadMemory at 0x77460000 of 64 bytes failed: Only part of a ReadProcessMemory or WriteProcessMemory request was completed. (0x12B)
[0913/115312:WARNING:pe_image_reader.cc(281)] could not read dos header from D:\Windows\system32\OLEAUT32.dll
[0913/115312:ERROR:process_reader_win.cc(233)] ReadMemory at 0x76e20000 of 64 bytes failed: Only part of a ReadProcessMemory or WriteProcessMemory request was completed. (0x12B)
[0913/115312:WARNING:pe_image_reader.cc(281)] could not read dos header from D:\Windows\system32\NSI.dll
[0913/115312:ERROR:process_reader_win.cc(233)] ReadMemory at 0x73de0000 of 64 bytes failed: Only part of a ReadProcessMemory or WriteProcessMemory request was completed. (0x12B)
[0913/115312:WARNING:pe_image_reader.cc(281)] could not read dos header from D:\Windows\system32\WINNSI.DLL
[0913/115312:ERROR:process_reader_win.cc(233)] ReadMemory at 0x73b10000 of 64 bytes failed: Only part of a ReadProcessMemory or WriteProcessMemory request was completed. (0x12B)
[0913/115312:WARNING:pe_image_reader.cc(281)] could not read dos header from D:\Windows\system32\IPHLPAPI.DLL
[0913/115312:ERROR:process_reader_win.cc(233)] ReadMemory at 0x77060000 of 64 bytes failed: Only part of a ReadProcessMemory or WriteProcessMemory request was completed. (0x12B)
[0913/115312:WARNING:pe_image_reader.cc(281)] could not read dos header from D:\Windows\system32\WS2_32.dll
[0913/115312:ERROR:process_reader_win.cc(233)] ReadMemory at 0x75b00000 of 64 bytes failed: Only part of a ReadProcessMemory or WriteProcessMemory request was completed. (0x12B)
[0913/115312:WARNING:pe_image_reader.cc(281)] could not read dos header from D:\Windows\system32\MSASN1.dll
[0913/115312:ERROR:process_reader_win.cc(233)] ReadMemory at 0x75bc0000 of 64 bytes failed: Only part of a ReadProcessMemory or WriteProcessMemory request was completed. (0x12B)
[0913/115312:WARNING:pe_image_reader.cc(281)] could not read dos header from D:\Windows\system32\CRYPT32.dll
[0913/115312:ERROR:process_reader_win.cc(233)] ReadMemory at 0x75ce0000 of 64 bytes failed: Only part of a ReadProcessMemory or WriteProcessMemory request was completed. (0x12B)
[0913/115312:WARNING:pe_image_reader.cc(281)] could not read dos header from D:\Windows\system32\WINTRUST.dll
[0913/115312:ERROR:process_reader_win.cc(233)] ReadMemory at 0x75970000 of 64 bytes failed: Only part of a ReadProcessMemory or WriteProcessMemory request was completed. (0x12B)
[0913/115312:WARNING:pe_image_reader.cc(281)] could not read dos header from D:\Windows\system32\Secur32.dll
[0913/115312:ERROR:process_reader_win.cc(233)] ReadMemory at 0x759a0000 of 64 bytes failed: Only part of a ReadProcessMemory or WriteProcessMemory request was completed. (0x12B)
[0913/115312:WARNING:pe_image_reader.cc(281)] could not read dos header from D:\Windows\system32\SSPICLI.DLL
[0913/115312:ERROR:process_reader_win.cc(233)] ReadMemory at 0x60050000 of 64 bytes failed: Only part of a ReadProcessMemory or WriteProcessMemory request was completed. (0x12B)
[0913/115312:WARNING:pe_image_reader.cc(281)] could not read dos header from D:\Program Files\Google\Chrome\Application\52.0.2743.116\chrome_child.dll
[0913/115312:ERROR:process_reader_win.cc(233)] ReadMemory at 0x75a10000 of 64 bytes failed: Only part of a ReadProcessMemory or WriteProcessMemory request was completed. (0x12B)
[0913/115312:WARNING:pe_image_reader.cc(281)] could not read dos header from D:\Windows\system32\cryptbase.dll
[0913/115312:ERROR:process_reader_win.cc(233)] ReadMemory at 0x6ef70000 of 64 bytes failed: Only part of a ReadProcessMemory or WriteProcessMemory request was completed. (0x12B)
[0913/115312:WARNING:pe_image_reader.cc(281)] could not read dos header from D:\Windows\system32\dwrite.dll
[0913/115312:ERROR:process_reader_win.cc(233)] ReadMemory at 0x74750000 of 64 bytes failed: Only part of a ReadProcessMemory or WriteProcessMemory request was completed. (0x12B)
[0913/115312:WARNING:pe_image_reader.cc(281)] could not read dos header from D:\Windows\system32\uxtheme.dll
[0913/115312:ERROR:process_reader_win.cc(233)] ReadMemory at 0x73090000 of 64 bytes failed: Only part of a ReadProcessMemory or WriteProcessMemory request was completed. (0x12B)
[0913/115312:WARNING:pe_image_reader.cc(281)] could not read dos header from D:\Windows\WinSxS\x86_microsoft.windows.gdiplus_6595b64144ccf1df_1.1.7600.16385_none_72fc7cbf861225ca\gdiplus.dll
[0913/115312:ERROR:process_reader_win.cc(233)] ReadMemory at 0x5c060000 of 64 bytes failed: Only part of a ReadProcessMemory or WriteProcessMemory request was completed. (0x12B)
[0913/115312:WARNING:pe_image_reader.cc(281)] could not read dos header from D:\Program Files\Google\Chrome\Application\52.0.2743.116\PepperFlash\pepflashplayer.dll
[0913/115312:ERROR:process_reader_win.cc(233)] ReadMemory at 0x6bb50000 of 64 bytes failed: Only part of a ReadProcessMemory or WriteProcessMemory request was completed. (0x12B)
[0913/115312:WARNING:pe_image_reader.cc(281)] could not read dos header from D:\Windows\system32\dxva2.dll
[0913/115312:ERROR:process_reader_win.cc(99)] process 5292 not found
[0913/115312:ERROR:process_reader_win.cc(233)] ReadMemory at 0xeb0000 of 64 bytes failed: Only part of a ReadProcessMemory or WriteProcessMemory request was completed. (0x12B)
[0913/115312:WARNING:pe_image_reader.cc(281)] could not read dos header from D:\Program Files\Google\Chrome\Application\chrome.exe
[0913/115312:ERROR:process_reader_win.cc(233)] ReadMemory at 0x77940000 of 64 bytes failed: Only part of a ReadProcessMemory or WriteProcessMemory request was completed. (0x12B)
[0913/115312:WARNING:pe_image_reader.cc(281)] could not read dos header from D:\Windows\SYSTEM32\ntdll.dll
[0913/115312:ERROR:process_reader_win.cc(233)] ReadMemory at 0x75d40000 of 64 bytes failed: Only part of a ReadProcessMemory or WriteProcessMemory request was completed. (0x12B)
[0913/115312:WARNING:pe_image_reader.cc(281)] could not read dos header from D:\Windows\system32\KERNELBASE.dll
[0913/115312:ERROR:process_reader_win.cc(233)] ReadMemory at 0x77170000 of 64 bytes failed: Only part of a ReadProcessMemory or WriteProcessMemory request was completed. (0x12B)
[0913/115312:WARNING:pe_image_reader.cc(281)] could not read dos header from D:\Windows\system32\kernel32.dll
[0913/115312:ERROR:process_reader_win.cc(233)] ReadMemory at 0x76fb0000 of 64 bytes failed: Only part of a ReadProcessMemory or WriteProcessMemory request was completed. (0x12B)
[0913/115312:WARNING:pe_image_reader.cc(281)] could not read dos header from D:\Windows\system32\msvcrt.dll
[0913/115312:ERROR:process_reader_win.cc(233)] ReadMemory at 0x77550000 of 64 bytes failed: Only part of a ReadProcessMemory or WriteProcessMemory request was completed. (0x12B)
[0913/115312:WARNING:pe_image_reader.cc(281)] could not read dos header from D:\Windows\system32\RPCRT4.dll
[0913/115312:ERROR:process_reader_win.cc(233)] ReadMemory at 0x76f90000 of 64 bytes failed: Only part of a ReadProcessMemory or WriteProcessMemory request was completed. (0x12B)
[0913/115312:WARNING:pe_image_reader.cc(281)] could not read dos header from D:\Windows\SYSTEM32\sechost.dll
[0913/115312:ERROR:process_reader_win.cc(233)] ReadMemory at 0x77690000 of 64 bytes failed: Only part of a ReadProcessMemory or WriteProcessMemory request was completed. (0x12B)
[0913/115312:WARNING:pe_image_reader.cc(281)] could not read dos header from D:\Windows\system32\ADVAPI32.dll
[0913/115312:ERROR:process_reader_win.cc(233)] ReadMemory at 0x6f080000 of 64 bytes failed: Only part of a ReadProcessMemory or WriteProcessMemory request was completed. (0x12B)
[0913/115312:WARNING:pe_image_reader.cc(281)] could not read dos header from D:\Program Files\Google\Chrome\Application\52.0.2743.116\chrome_elf.dll
[0913/115312:ERROR:process_reader_win.cc(233)] ReadMemory at 0x74f90000 of 64 bytes failed: Only part of a ReadProcessMemory or WriteProcessMemory request was completed. (0x12B)
[0913/115312:WARNING:pe_image_reader.cc(281)] could not read dos header from D:\Windows\system32\VERSION.dll
[0913/115312:ERROR:process_reader_win.cc(233)] ReadMemory at 0x76c40000 of 64 bytes failed: Only part of a ReadProcessMemory or WriteProcessMemory request was completed. (0x12B)
[0913/115312:WARNING:pe_image_reader.cc(281)] could not read dos header from D:\Windows\system32\USP10.dll
[0913/115312:ERROR:process_reader_win.cc(233)] ReadMemory at 0x76ab0000 of 64 bytes failed: Only part of a ReadProcessMemory or WriteProcessMemory request was completed. (0x12B)
[0913/115312:WARNING:pe_image_reader.cc(281)] could not read dos header from D:\Windows\system32\LPK.dll
[0913/115312:ERROR:process_reader_win.cc(233)] ReadMemory at 0x77730000 of 64 bytes failed: Only part of a ReadProcessMemory or WriteProcessMemory request was completed. (0x12B)
[0913/115312:WARNING:pe_image_reader.cc(281)] could not read dos header from D:\Windows\system32\GDI32.dll
[0913/115312:ERROR:process_reader_win.cc(233)] ReadMemory at 0x770a0000 of 64 bytes failed: Only part of a ReadProcessMemory or WriteProcessMemory request was completed. (0x12B)
[0913/115312:WARNING:pe_image_reader.cc(281)] could not read dos header from D:\Windows\system32\USER32.dll
[0913/115312:ERROR:process_reader_win.cc(233)] ReadMemory at 0x71080000 of 64 bytes failed: Only part of a ReadProcessMemory or WriteProcessMemory request was completed. (0x12B)
[0913/115312:WARNING:pe_image_reader.cc(281)] could not read dos header from D:\Windows\system32\WINMM.dll
[0913/115312:ERROR:process_reader_win.cc(233)] ReadMemory at 0x75a90000 of 64 bytes failed: Only part of a ReadProcessMemory or WriteProcessMemory request was completed. (0x12B)
[0913/115312:WARNING:pe_image_reader.cc(281)] could not read dos header from D:\Windows\system32\profapi.dll
[0913/115312:ERROR:process_reader_win.cc(233)] ReadMemory at 0x750f0000 of 64 bytes failed: Only part of a ReadProcessMemory or WriteProcessMemory request was completed. (0x12B)
[0913/115312:WARNING:pe_image_reader.cc(281)] could not read dos header from D:\Windows\system32\USERENV.dll
[0913/115312:ERROR:process_reader_win.cc(233)] ReadMemory at 0x74040000 of 64 bytes failed: Only part of a ReadProcessMemory or WriteProcessMemory request was completed. (0x12B)
[0913/115312:WARNING:pe_image_reader.cc(281)] could not read dos header from D:\Windows\system32\WTSAPI32.dll
[0913/115312:ERROR:process_reader_win.cc(233)] ReadMemory at 0x737b0000 of 64 bytes failed: Only part of a ReadProcessMemory or WriteProcessMemory request was completed. (0x12B)
[0913/115312:WARNING:pe_image_reader.cc(281)] could not read dos header from D:\Windows\system32\webio.dll
[0913/115312:ERROR:process_reader_win.cc(233)] ReadMemory at 0x73800000 of 64 bytes failed: Only part of a ReadProcessMemory or WriteProcessMemory request was completed. (0x12B)
[0913/115312:WARNING:pe_image_reader.cc(281)] could not read dos header from D:\Windows\system32\WINHTTP.dll
[0913/115312:ERROR:process_reader_win.cc(233)] ReadMemory at 0x75d90000 of 64 bytes failed: Only part of a ReadProcessMemory or WriteProcessMemory request was completed. (0x12B)
[0913/115312:WARNING:pe_image_reader.cc(281)] could not read dos header from D:\Windows\system32\MSCTF.dll
[0913/115312:ERROR:process_reader_win.cc(233)] ReadMemory at 0x77780000 of 64 bytes failed: Only part of a ReadProcessMemory or WriteProcessMemory request was completed. (0x12B)
[0913/115312:WARNING:pe_image_reader.cc(281)] could not read dos header from D:\Windows\system32\IMM32.DLL
[0913/115312:ERROR:process_reader_win.cc(233)] ReadMemory at 0x77630000 of 64 bytes failed: Only part of a ReadProcessMemory or WriteProcessMemory request was completed. (0x12B)
[0913/115312:WARNING:pe_image_reader.cc(281)] could not read dos header from D:\Windows\system32\SHLWAPI.dll
[0913/115312:ERROR:process_reader_win.cc(233)] ReadMemory at 0x75e60000 of 64 bytes failed: Only part of a ReadProcessMemory or WriteProcessMemory request was completed. (0x12B)
[0913/115312:WARNING:pe_image_reader.cc(281)] could not read dos header from D:\Windows\system32\SHELL32.dll
[0913/115312:ERROR:process_reader_win.cc(233)] ReadMemory at 0x77a80000 of 64 bytes failed: Only part of a ReadProcessMemory or WriteProcessMemory request was completed. (0x12B)
[0913/115312:WARNING:pe_image_reader.cc(281)] could not read dos header from D:\Windows\system32\PSAPI.DLL
[0913/115312:ERROR:process_reader_win.cc(233)] ReadMemory at 0x71c50000 of 64 bytes failed: Only part of a ReadProcessMemory or WriteProcessMemory request was completed. (0x12B)
[0913/115312:WARNING:pe_image_reader.cc(281)] could not read dos header from D:\Windows\system32\WINSPOOL.DRV
[0913/115312:ERROR:process_reader_win.cc(233)] ReadMemory at 0x747d0000 of 64 bytes failed: Only part of a ReadProcessMemory or WriteProcessMemory request was completed. (0x12B)
[0913/115312:WARNING:pe_image_reader.cc(281)] could not read dos header from D:\Windows\WinSxS\x86_microsoft.windows.common-controls_6595b64144ccf1df_6.0.7600.16385_none_421189da2b7fabfc\COMCTL32.dll
[0913/115312:ERROR:process_reader_win.cc(233)] ReadMemory at 0x76ac0000 of 64 bytes failed: Only part of a ReadProcessMemory or WriteProcessMemory request was completed. (0x12B)
[0913/115312:WARNING:pe_image_reader.cc(281)] could not read dos header from D:\Windows\system32\COMDLG32.dll
[0913/115312:ERROR:process_reader_win.cc(233)] ReadMemory at 0x76e30000 of 64 bytes failed: Only part of a ReadProcessMemory or WriteProcessMemory request was completed. (0x12B)
[0913/115312:WARNING:pe_image_reader.cc(281)] could not read dos header from D:\Windows\system32\ole32.dll
[0913/115312:ERROR:process_reader_win.cc(233)] ReadMemory at 0x77460000 of 64 bytes failed: Only part of a ReadProcessMemory or WriteProcessMemory request was completed. (0x12B)
[0913/115312:WARNING:pe_image_reader.cc(281)] could not read dos header from D:\Windows\system32\OLEAUT32.dll
[0913/115312:ERROR:process_reader_win.cc(233)] ReadMemory at 0x76e20000 of 64 bytes failed: Only part of a ReadProcessMemory or WriteProcessMemory request was completed. (0x12B)
[0913/115312:WARNING:pe_image_reader.cc(281)] could not read dos header from D:\Windows\system32\NSI.dll
[0913/115312:ERROR:process_reader_win.cc(233)] ReadMemory at 0x73de0000 of 64 bytes failed: Only part of a ReadProcessMemory or WriteProcessMemory request was completed. (0x12B)
[0913/115312:WARNING:pe_image_reader.cc(281)] could not read dos header from D:\Windows\system32\WINNSI.DLL
[0913/115312:ERROR:process_reader_win.cc(233)] ReadMemory at 0x73b10000 of 64 bytes failed: Only part of a ReadProcessMemory or WriteProcessMemory request was completed. (0x12B)
[0913/115312:WARNING:pe_image_reader.cc(281)] could not read dos header from D:\Windows\system32\IPHLPAPI.DLL
[0913/115312:ERROR:process_reader_win.cc(233)] ReadMemory at 0x77060000 of 64 bytes failed: Only part of a ReadProcessMemory or WriteProcessMemory request was completed. (0x12B)
[0913/115312:WARNING:pe_image_reader.cc(281)] could not read dos header from D:\Windows\system32\WS2_32.dll
[0913/115312:ERROR:process_reader_win.cc(233)] ReadMemory at 0x75b00000 of 64 bytes failed: Only part of a ReadProcessMemory or WriteProcessMemory request was completed. (0x12B)
[0913/115312:WARNING:pe_image_reader.cc(281)] could not read dos header from D:\Windows\system32\MSASN1.dll
[0913/115312:ERROR:process_reader_win.cc(233)] ReadMemory at 0x75bc0000 of 64 bytes failed: Only part of a ReadProcessMemory or WriteProcessMemory request was completed. (0x12B)
[0913/115312:WARNING:pe_image_reader.cc(281)] could not read dos header from D:\Windows\system32\CRYPT32.dll
[0913/115312:ERROR:process_reader_win.cc(233)] ReadMemory at 0x75ce0000 of 64 bytes failed: Only part of a ReadProcessMemory or WriteProcessMemory request was completed. (0x12B)
[0913/115312:WARNING:pe_image_reader.cc(281)] could not read dos header from D:\Windows\system32\WINTRUST.dll
[0913/115312:ERROR:process_reader_win.cc(233)] ReadMemory at 0x75970000 of 64 bytes failed: Only part of a ReadProcessMemory or WriteProcessMemory request was completed. (0x12B)
[0913/115312:WARNING:pe_image_reader.cc(281)] could not read dos header from D:\Windows\system32\Secur32.dll
[0913/115312:ERROR:process_reader_win.cc(233)] ReadMemory at 0x759a0000 of 64 bytes failed: Only part of a ReadProcessMemory or WriteProcessMemory request was completed. (0x12B)
[0913/115312:WARNING:pe_image_reader.cc(281)] could not read dos header from D:\Windows\system32\SSPICLI.DLL
[0913/115312:ERROR:process_reader_win.cc(233)] ReadMemory at 0x60050000 of 64 bytes failed: Only part of a ReadProcessMemory or WriteProcessMemory request was completed. (0x12B)
[0913/115312:WARNING:pe_image_reader.cc(281)] could not read dos header from D:\Program Files\Google\Chrome\Application\52.0.2743.116\chrome_child.dll
[0913/115312:ERROR:process_reader_win.cc(233)] ReadMemory at 0x75a10000 of 64 bytes failed: Only part of a ReadProcessMemory or WriteProcessMemory request was completed. (0x12B)
[0913/115312:WARNING:pe_image_reader.cc(281)] could not read dos header from D:\Windows\system32\cryptbase.dll
[0913/115312:ERROR:process_reader_win.cc(233)] ReadMemory at 0x6ef70000 of 64 bytes failed: Only part of a ReadProcessMemory or WriteProcessMemory request was completed. (0x12B)
[0913/115312:WARNING:pe_image_reader.cc(281)] could not read dos header from D:\Windows\system32\dwrite.dll
[0913/115312:ERROR:process_reader_win.cc(233)] ReadMemory at 0x74750000 of 64 bytes failed: Only part of a ReadProcessMemory or WriteProcessMemory request was completed. (0x12B)
[0913/115312:WARNING:pe_image_reader.cc(281)] could not read dos header from D:\Windows\system32\uxtheme.dll
[0913/115312:ERROR:process_reader_win.cc(233)] ReadMemory at 0x73090000 of 64 bytes failed: Only part of a ReadProcessMemory or WriteProcessMemory request was completed. (0x12B)
[0913/115312:WARNING:pe_image_reader.cc(281)] could not read dos header from D:\Windows\WinSxS\x86_microsoft.windows.gdiplus_6595b64144ccf1df_1.1.7600.16385_none_72fc7cbf861225ca\gdiplus.dll
[0913/115312:ERROR:process_reader_win.cc(233)] ReadMemory at 0x5c060000 of 64 bytes failed: Only part of a ReadProcessMemory or WriteProcessMemory request was completed. (0x12B)
[0913/115312:WARNING:pe_image_reader.cc(281)] could not read dos header from D:\Program Files\Google\Chrome\Application\52.0.2743.116\PepperFlash\pepflashplayer.dll
[0913/115312:ERROR:process_reader_win.cc(233)] ReadMemory at 0x6bb50000 of 64 bytes failed: Only part of a ReadProcessMemory or WriteProcessMemory request was completed. (0x12B)
[0913/115312:WARNING:pe_image_reader.cc(281)] could not read dos header from D:\Windows\system32\dxva2.dll
[0913/115312:ERROR:process_reader_win.cc(233)] ReadMemory at 0xf6fbb4 of 12 bytes failed: Only part of a ReadProcessMemory or WriteProcessMemory request was completed. (0x12B)
[0913/115312:WARNING:process_snapshot_win.cc(104)] ReadMemory ExceptionInformation failed
[0913/115312:WARNING:crash_report_exception_handler.cc(60)] ProcessSnapshotWin::InitializeException failed
[0913/115312:ERROR:scoped_process_suspend.cc(38)] NtResumeProcess, ntstatus=-1073741558
